The system is: FreeBSD - 10.0-RELEASE-p9 - amd64
Compiling the C compiler identification source file "CMakeCCompilerId.c" succeeded.
Compiler: /usr/bin/cc 
Build flags: 
Id flags: 

The output was:
0


Compilation of the C compiler identification source "CMakeCCompilerId.c" produced "a.out"

The C compiler identification is Clang, found in "/home/kj/projects/scandisk/scandisk-build/CMakeFiles/2.8.12.1/CompilerIdC/a.out"

Compiling the CXX compiler identification source file "CMakeCXXCompilerId.cpp" succeeded.
Compiler: /usr/bin/CC 
Build flags: 
Id flags: 

The output was:
0


Compilation of the CXX compiler identification source "CMakeCXXCompilerId.cpp" produced "a.out"

The CXX compiler identification is Clang, found in "/home/kj/projects/scandisk/scandisk-build/CMakeFiles/2.8.12.1/CompilerIdCXX/a.out"

Determining if the C compiler works passed with the following output:
Change Dir: /home/kj/projects/scandisk/scandisk-build/CMakeFiles/CMakeTmp

Run Build Command:/usr/local/bin/gmake "cmTryCompileExec1035945775/fast"
/usr/local/bin/gmake -f CMakeFiles/cmTryCompileExec1035945775.dir/build.make CMakeFiles/cmTryCompileExec1035945775.dir/build
gmake[1]: Wejście do katalogu `/usr/home/kj/projects/scandisk/scandisk-build/CMakeFiles/CMakeTmp'
/usr/local/bin/cmake -E cmake_progress_report /home/kj/projects/scandisk/scandisk-build/CMakeFiles/CMakeTmp/CMakeFiles 1
Building C object CMakeFiles/cmTryCompileExec1035945775.dir/testCCompiler.c.o
/usr/bin/cc    -o CMakeFiles/cmTryCompileExec1035945775.dir/testCCompiler.c.o   -c /home/kj/projects/scandisk/scandisk-build/CMakeFiles/CMakeTmp/testCCompiler.c
Linking C executable cmTryCompileExec1035945775
/usr/local/bin/cmake -E cmake_link_script CMakeFiles/cmTryCompileExec1035945775.dir/link.txt --verbose=1
/usr/bin/cc       CMakeFiles/cmTryCompileExec1035945775.dir/testCCompiler.c.o  -o cmTryCompileExec1035945775  
gmake[1]: Opuszczenie katalogu `/usr/home/kj/projects/scandisk/scandisk-build/CMakeFiles/CMakeTmp'


Detecting C compiler ABI info compiled with the following output:
Change Dir: /home/kj/projects/scandisk/scandisk-build/CMakeFiles/CMakeTmp

Run Build Command:/usr/local/bin/gmake "cmTryCompileExec4014114592/fast"
/usr/local/bin/gmake -f CMakeFiles/cmTryCompileExec4014114592.dir/build.make CMakeFiles/cmTryCompileExec4014114592.dir/build
gmake[1]: Wejście do katalogu `/usr/home/kj/projects/scandisk/scandisk-build/CMakeFiles/CMakeTmp'
/usr/local/bin/cmake -E cmake_progress_report /home/kj/projects/scandisk/scandisk-build/CMakeFiles/CMakeTmp/CMakeFiles 1
Building C object CMakeFiles/cmTryCompileExec4014114592.dir/CMakeCCompilerABI.c.o
/usr/bin/cc    -o CMakeFiles/cmTryCompileExec4014114592.dir/CMakeCCompilerABI.c.o   -c /usr/local/share/cmake/Modules/CMakeCCompilerABI.c
Linking C executable cmTryCompileExec4014114592
/usr/local/bin/cmake -E cmake_link_script CMakeFiles/cmTryCompileExec4014114592.dir/link.txt --verbose=1
/usr/bin/cc     -v CMakeFiles/cmTryCompileExec4014114592.dir/CMakeCCompilerABI.c.o  -o cmTryCompileExec4014114592   
FreeBSD clang version 3.3 (tags/RELEASE_33/final 183502) 20130610
Target: x86_64-unknown-freebsd10.0
Thread model: posix
 "/usr/bin/ld" --eh-frame-hdr -dynamic-linker /libexec/ld-elf.so.1 --hash-style=both --enable-new-dtags -o cmTryCompileExec4014114592 /usr/lib/crt1.o /usr/lib/crti.o /usr/lib/crtbegin.o -L/usr/lib CMakeFiles/cmTryCompileExec4014114592.dir/CMakeCCompilerABI.c.o -lgcc --as-needed -lgcc_s --no-as-needed -lc -lgcc --as-needed -lgcc_s --no-as-needed /usr/lib/crtend.o /usr/lib/crtn.o
gmake[1]: Opuszczenie katalogu `/usr/home/kj/projects/scandisk/scandisk-build/CMakeFiles/CMakeTmp'


Parsed C implicit link information from above output:
  link line regex: [^( *|.*[/\])(ld|([^/\]+-)?ld|collect2)[^/\]*( |$)]
  ignore line: [Change Dir: /home/kj/projects/scandisk/scandisk-build/CMakeFiles/CMakeTmp]
  ignore line: []
  ignore line: [Run Build Command:/usr/local/bin/gmake "cmTryCompileExec4014114592/fast"]
  ignore line: [/usr/local/bin/gmake -f CMakeFiles/cmTryCompileExec4014114592.dir/build.make CMakeFiles/cmTryCompileExec4014114592.dir/build]
  ignore line: [gmake[1]: Wejście do katalogu `/usr/home/kj/projects/scandisk/scandisk-build/CMakeFiles/CMakeTmp']
  ignore line: [/usr/local/bin/cmake -E cmake_progress_report /home/kj/projects/scandisk/scandisk-build/CMakeFiles/CMakeTmp/CMakeFiles 1]
  ignore line: [Building C object CMakeFiles/cmTryCompileExec4014114592.dir/CMakeCCompilerABI.c.o]
  ignore line: [/usr/bin/cc    -o CMakeFiles/cmTryCompileExec4014114592.dir/CMakeCCompilerABI.c.o   -c /usr/local/share/cmake/Modules/CMakeCCompilerABI.c]
  ignore line: [Linking C executable cmTryCompileExec4014114592]
  ignore line: [/usr/local/bin/cmake -E cmake_link_script CMakeFiles/cmTryCompileExec4014114592.dir/link.txt --verbose=1]
  ignore line: [/usr/bin/cc     -v CMakeFiles/cmTryCompileExec4014114592.dir/CMakeCCompilerABI.c.o  -o cmTryCompileExec4014114592   ]
  ignore line: [FreeBSD clang version 3.3 (tags/RELEASE_33/final 183502) 20130610]
  ignore line: [Target: x86_64-unknown-freebsd10.0]
  ignore line: [Thread model: posix]
  link line: [ "/usr/bin/ld" --eh-frame-hdr -dynamic-linker /libexec/ld-elf.so.1 --hash-style=both --enable-new-dtags -o cmTryCompileExec4014114592 /usr/lib/crt1.o /usr/lib/crti.o /usr/lib/crtbegin.o -L/usr/lib CMakeFiles/cmTryCompileExec4014114592.dir/CMakeCCompilerABI.c.o -lgcc --as-needed -lgcc_s --no-as-needed -lc -lgcc --as-needed -lgcc_s --no-as-needed /usr/lib/crtend.o /usr/lib/crtn.o]
    arg [/usr/bin/ld] ==> ignore
    arg [--eh-frame-hdr] ==> ignore
    arg [-dynamic-linker] ==> ignore
    arg [/libexec/ld-elf.so.1] ==> ignore
    arg [--hash-style=both] ==> ignore
    arg [--enable-new-dtags] ==> ignore
    arg [-o] ==> ignore
    arg [cmTryCompileExec4014114592] ==> ignore
    arg [/usr/lib/crt1.o] ==> ignore
    arg [/usr/lib/crti.o] ==> ignore
    arg [/usr/lib/crtbegin.o] ==> ignore
    arg [-L/usr/lib] ==> dir [/usr/lib]
    arg [CMakeFiles/cmTryCompileExec4014114592.dir/CMakeCCompilerABI.c.o] ==> ignore
    arg [-lgcc] ==> lib [gcc]
    arg [--as-needed] ==> ignore
    arg [-lgcc_s] ==> lib [gcc_s]
    arg [--no-as-needed] ==> ignore
    arg [-lc] ==> lib [c]
    arg [-lgcc] ==> lib [gcc]
    arg [--as-needed] ==> ignore
    arg [-lgcc_s] ==> lib [gcc_s]
    arg [--no-as-needed] ==> ignore
    arg [/usr/lib/crtend.o] ==> ignore
    arg [/usr/lib/crtn.o] ==> ignore
  remove lib [gcc]
  remove lib [gcc_s]
  remove lib [gcc]
  remove lib [gcc_s]
  collapse library dir [/usr/lib] ==> [/usr/lib]
  implicit libs: [c]
  implicit dirs: [/usr/lib]
  implicit fwks: []


Determining if the CXX compiler works passed with the following output:
Change Dir: /home/kj/projects/scandisk/scandisk-build/CMakeFiles/CMakeTmp

Run Build Command:/usr/local/bin/gmake "cmTryCompileExec439582421/fast"
/usr/local/bin/gmake -f CMakeFiles/cmTryCompileExec439582421.dir/build.make CMakeFiles/cmTryCompileExec439582421.dir/build
gmake[1]: Wejście do katalogu `/usr/home/kj/projects/scandisk/scandisk-build/CMakeFiles/CMakeTmp'
/usr/local/bin/cmake -E cmake_progress_report /home/kj/projects/scandisk/scandisk-build/CMakeFiles/CMakeTmp/CMakeFiles 1
Building CXX object CMakeFiles/cmTryCompileExec439582421.dir/testCXXCompiler.cxx.o
/usr/bin/CC     -o CMakeFiles/cmTryCompileExec439582421.dir/testCXXCompiler.cxx.o -c /home/kj/projects/scandisk/scandisk-build/CMakeFiles/CMakeTmp/testCXXCompiler.cxx
Linking CXX executable cmTryCompileExec439582421
/usr/local/bin/cmake -E cmake_link_script CMakeFiles/cmTryCompileExec439582421.dir/link.txt --verbose=1
/usr/bin/CC        CMakeFiles/cmTryCompileExec439582421.dir/testCXXCompiler.cxx.o  -o cmTryCompileExec439582421  
gmake[1]: Opuszczenie katalogu `/usr/home/kj/projects/scandisk/scandisk-build/CMakeFiles/CMakeTmp'


Detecting CXX compiler ABI info compiled with the following output:
Change Dir: /home/kj/projects/scandisk/scandisk-build/CMakeFiles/CMakeTmp

Run Build Command:/usr/local/bin/gmake "cmTryCompileExec3693328456/fast"
/usr/local/bin/gmake -f CMakeFiles/cmTryCompileExec3693328456.dir/build.make CMakeFiles/cmTryCompileExec3693328456.dir/build
gmake[1]: Wejście do katalogu `/usr/home/kj/projects/scandisk/scandisk-build/CMakeFiles/CMakeTmp'
/usr/local/bin/cmake -E cmake_progress_report /home/kj/projects/scandisk/scandisk-build/CMakeFiles/CMakeTmp/CMakeFiles 1
Building CXX object CMakeFiles/cmTryCompileExec3693328456.dir/CMakeCXXCompilerABI.cpp.o
/usr/bin/CC     -o CMakeFiles/cmTryCompileExec3693328456.dir/CMakeCXXCompilerABI.cpp.o -c /usr/local/share/cmake/Modules/CMakeCXXCompilerABI.cpp
Linking CXX executable cmTryCompileExec3693328456
/usr/local/bin/cmake -E cmake_link_script CMakeFiles/cmTryCompileExec3693328456.dir/link.txt --verbose=1
/usr/bin/CC      -v CMakeFiles/cmTryCompileExec3693328456.dir/CMakeCXXCompilerABI.cpp.o  -o cmTryCompileExec3693328456   
FreeBSD clang version 3.3 (tags/RELEASE_33/final 183502) 20130610
Target: x86_64-unknown-freebsd10.0
Thread model: posix
 "/usr/bin/ld" --eh-frame-hdr -dynamic-linker /libexec/ld-elf.so.1 --hash-style=both --enable-new-dtags -o cmTryCompileExec3693328456 /usr/lib/crt1.o /usr/lib/crti.o /usr/lib/crtbegin.o -L/usr/lib CMakeFiles/cmTryCompileExec3693328456.dir/CMakeCXXCompilerABI.cpp.o -lc++ -lm -lgcc --as-needed -lgcc_s --no-as-needed -lc -lgcc --as-needed -lgcc_s --no-as-needed /usr/lib/crtend.o /usr/lib/crtn.o
gmake[1]: Opuszczenie katalogu `/usr/home/kj/projects/scandisk/scandisk-build/CMakeFiles/CMakeTmp'


Parsed CXX implicit link information from above output:
  link line regex: [^( *|.*[/\])(ld|([^/\]+-)?ld|collect2)[^/\]*( |$)]
  ignore line: [Change Dir: /home/kj/projects/scandisk/scandisk-build/CMakeFiles/CMakeTmp]
  ignore line: []
  ignore line: [Run Build Command:/usr/local/bin/gmake "cmTryCompileExec3693328456/fast"]
  ignore line: [/usr/local/bin/gmake -f CMakeFiles/cmTryCompileExec3693328456.dir/build.make CMakeFiles/cmTryCompileExec3693328456.dir/build]
  ignore line: [gmake[1]: Wejście do katalogu `/usr/home/kj/projects/scandisk/scandisk-build/CMakeFiles/CMakeTmp']
  ignore line: [/usr/local/bin/cmake -E cmake_progress_report /home/kj/projects/scandisk/scandisk-build/CMakeFiles/CMakeTmp/CMakeFiles 1]
  ignore line: [Building CXX object CMakeFiles/cmTryCompileExec3693328456.dir/CMakeCXXCompilerABI.cpp.o]
  ignore line: [/usr/bin/CC     -o CMakeFiles/cmTryCompileExec3693328456.dir/CMakeCXXCompilerABI.cpp.o -c /usr/local/share/cmake/Modules/CMakeCXXCompilerABI.cpp]
  ignore line: [Linking CXX executable cmTryCompileExec3693328456]
  ignore line: [/usr/local/bin/cmake -E cmake_link_script CMakeFiles/cmTryCompileExec3693328456.dir/link.txt --verbose=1]
  ignore line: [/usr/bin/CC      -v CMakeFiles/cmTryCompileExec3693328456.dir/CMakeCXXCompilerABI.cpp.o  -o cmTryCompileExec3693328456   ]
  ignore line: [FreeBSD clang version 3.3 (tags/RELEASE_33/final 183502) 20130610]
  ignore line: [Target: x86_64-unknown-freebsd10.0]
  ignore line: [Thread model: posix]
  link line: [ "/usr/bin/ld" --eh-frame-hdr -dynamic-linker /libexec/ld-elf.so.1 --hash-style=both --enable-new-dtags -o cmTryCompileExec3693328456 /usr/lib/crt1.o /usr/lib/crti.o /usr/lib/crtbegin.o -L/usr/lib CMakeFiles/cmTryCompileExec3693328456.dir/CMakeCXXCompilerABI.cpp.o -lc++ -lm -lgcc --as-needed -lgcc_s --no-as-needed -lc -lgcc --as-needed -lgcc_s --no-as-needed /usr/lib/crtend.o /usr/lib/crtn.o]
    arg [/usr/bin/ld] ==> ignore
    arg [--eh-frame-hdr] ==> ignore
    arg [-dynamic-linker] ==> ignore
    arg [/libexec/ld-elf.so.1] ==> ignore
    arg [--hash-style=both] ==> ignore
    arg [--enable-new-dtags] ==> ignore
    arg [-o] ==> ignore
    arg [cmTryCompileExec3693328456] ==> ignore
    arg [/usr/lib/crt1.o] ==> ignore
    arg [/usr/lib/crti.o] ==> ignore
    arg [/usr/lib/crtbegin.o] ==> ignore
    arg [-L/usr/lib] ==> dir [/usr/lib]
    arg [CMakeFiles/cmTryCompileExec3693328456.dir/CMakeCXXCompilerABI.cpp.o] ==> ignore
    arg [-lc++] ==> lib [c++]
    arg [-lm] ==> lib [m]
    arg [-lgcc] ==> lib [gcc]
    arg [--as-needed] ==> ignore
    arg [-lgcc_s] ==> lib [gcc_s]
    arg [--no-as-needed] ==> ignore
    arg [-lc] ==> lib [c]
    arg [-lgcc] ==> lib [gcc]
    arg [--as-needed] ==> ignore
    arg [-lgcc_s] ==> lib [gcc_s]
    arg [--no-as-needed] ==> ignore
    arg [/usr/lib/crtend.o] ==> ignore
    arg [/usr/lib/crtn.o] ==> ignore
  remove lib [gcc]
  remove lib [gcc_s]
  remove lib [gcc]
  remove lib [gcc_s]
  collapse library dir [/usr/lib] ==> [/usr/lib]
  implicit libs: [c++;m;c]
  implicit dirs: [/usr/lib]
  implicit fwks: []


